<?xml version="1.0" encoding="UTF-8"?>
<testsuite name="StudentStatGeneratorTest" tests="1" skipped="0" failures="0" errors="0" timestamp="2020-06-04T17:52:39" hostname="DESKTOP-3G6KU61" time="0.0">
  <properties/>
  <testcase name="StatGeneratorTest" classname="StudentStatGeneratorTest" time="0.0"/>
  <system-out><![CDATA[]]></system-out>
  <system-err><![CDATA[]]></system-err>
</testsuite>
